-------------------------------------------------------------------------------
Test set: com.example.cadastrospring.CadastroSpringApplicationTests
-------------------------------------------------------------------------------
Tests run: 1, Failures: 0, Errors: 1, Skipped: 0, Time elapsed: 3.644 s <<< FAILURE! - in com.example.cadastrospring.CadastroSpringApplicationTests
com.example.cadastrospring.CadastroSpringApplicationTests  Time elapsed: 3.634 s  <<< ERROR!
java.lang.IllegalStateException: Unable to find a @SpringBootConfiguration, you need to use @ContextConfiguration or @SpringBootTest(classes=...) with your test

